# JRE version: Java(TM) SE Runtime Environment (8.0_144-b01) (build 1.8.0_144-b01)
# Java VM: Java HotSpot(TM) 64-Bit Server VM (25.144-b01 mixed mode windows-amd64 compressed oops)
Heap:
 PSYoungGen      total 108544K, used 108319K [0x00000000d6500000, 0x00000000de500000, 0x0000000100000000)
  eden space 95744K, 100% used [0x00000000d6500000,0x00000000dc280000,0x00000000dc280000)
  from space 12800K, 98% used [0x00000000dd880000,0x00000000de4c7e60,0x00000000de500000)
  to   space 14336K, 99% used [0x00000000dc900000,0x00000000dd6f9a00,0x00000000dd700000)
 ParOldGen       total 98304K, used 15944K [0x0000000082e00000, 0x0000000088e00000, 0x00000000d6500000)
  object space 98304K, 16% used [0x0000000082e00000,0x0000000083d92360,0x0000000088e00000)
 Metaspace       used 45315K, capacity 49014K, committed 49152K, reserved 1093632K
  class space    used 6164K, capacity 6828K, committed 6912K, reserved 1048576K
GC Heap History (10 events):
Event: 3.620 GC heap after
Heap after GC invocations=6 (full 1):
 PSYoungGen      total 70144K, used 5116K [0x00000000d6500000, 0x00000000dc000000, 0x0000000100000000)
  eden space 65024K, 0% used [0x00000000d6500000,0x00000000d6500000,0x00000000da480000)
  from space 5120K, 99% used [0x00000000da480000,0x00000000da97f3b0,0x00000000da980000)
  to   space 10752K, 0% used [0x00000000db580000,0x00000000db580000,0x00000000dc000000)
 ParOldGen       total 64000K, used 10907K [0x0000000082e00000, 0x0000000086c80000, 0x00000000d6500000)
  object space 64000K, 17% used [0x0000000082e00000,0x00000000838a6fa0,0x0000000086c80000)
 Metaspace       used 25000K, capacity 26270K, committed 26496K, reserved 1073152K
  class space    used 3371K, capacity 3667K, committed 3712K, reserved 1048576K
}
Event: 4.337 GC heap before
{Heap before GC invocations=7 (full 1):
 PSYoungGen      total 70144K, used 70140K [0x00000000d6500000, 0x00000000dc000000, 0x0000000100000000)
  eden space 65024K, 100% used [0x00000000d6500000,0x00000000da480000,0x00000000da480000)
  from space 5120K, 99% used [0x00000000da480000,0x00000000da97f3b0,0x00000000da980000)
  to   space 10752K, 0% used [0x00000000db580000,0x00000000db580000,0x00000000dc000000)
 ParOldGen       total 64000K, used 10907K [0x0000000082e00000, 0x0000000086c80000, 0x00000000d6500000)
  object space 64000K, 17% used [0x0000000082e00000,0x00000000838a6fa0,0x0000000086c80000)
 Metaspace       used 30117K, capacity 32178K, committed 32384K, reserved 1077248K
  class space    used 4099K, capacity 4473K, committed 4480K, reserved 1048576K
Event: 4.352 GC heap after
Heap after GC invocations=7 (full 1):
 PSYoungGen      total 80896K, used 10708K [0x00000000d6500000, 0x00000000ddc80000, 0x0000000100000000)
  eden space 70144K, 0% used [0x00000000d6500000,0x00000000d6500000,0x00000000da980000)
  from space 10752K, 99% used [0x00000000db580000,0x00000000dbff5398,0x00000000dc000000)
  to   space 12288K, 0% used [0x00000000da980000,0x00000000da980000,0x00000000db580000)
 ParOldGen       total 64000K, used 10915K [0x0000000082e00000, 0x0000000086c80000, 0x00000000d6500000)
  object space 64000K, 17% used [0x0000000082e00000,0x00000000838a8fa0,0x0000000086c80000)
 Metaspace       used 30117K, capacity 32178K, committed 32384K, reserved 1077248K
  class space    used 4099K, capacity 4473K, committed 4480K, reserved 1048576K
}
Event: 4.766 GC heap before
{Heap before GC invocations=8 (full 1):
 PSYoungGen      total 80896K, used 61902K [0x00000000d6500000, 0x00000000ddc80000, 0x0000000100000000)
  eden space 70144K, 72% used [0x00000000d6500000,0x00000000d96fe780,0x00000000da980000)
  from space 10752K, 99% used [0x00000000db580000,0x00000000dbff5398,0x00000000dc000000)
  to   space 12288K, 0% used [0x00000000da980000,0x00000000da980000,0x00000000db580000)
 ParOldGen       total 64000K, used 10915K [0x0000000082e00000, 0x0000000086c80000, 0x00000000d6500000)
  object space 64000K, 17% used [0x0000000082e00000,0x00000000838a8fa0,0x0000000086c80000)
 Metaspace       used 33274K, capacity 35486K, committed 35496K, reserved 1079296K
  class space    used 4566K, capacity 4985K, committed 4992K, reserved 1048576K
Event: 4.772 GC heap after
Heap after GC invocations=8 (full 1):
 PSYoungGen      total 82432K, used 9305K [0x00000000d6500000, 0x00000000de500000, 0x0000000100000000)
  eden space 70144K, 0% used [0x00000000d6500000,0x00000000d6500000,0x00000000da980000)
  from space 12288K, 75% used [0x00000000da980000,0x00000000db296720,0x00000000db580000)
  to   space 12800K, 0% used [0x00000000dd880000,0x00000000dd880000,0x00000000de500000)
 ParOldGen       total 64000K, used 10923K [0x0000000082e00000, 0x0000000086c80000, 0x00000000d6500000)
  object space 64000K, 17% used [0x0000000082e00000,0x00000000838aafa0,0x0000000086c80000)
 Metaspace       used 33274K, capacity 35486K, committed 35496K, reserved 1079296K
  class space    used 4566K, capacity 4985K, committed 4992K, reserved 1048576K
}
Event: 4.772 GC heap before
{Heap before GC invocations=9 (full 2):
 PSYoungGen      total 82432K, used 9305K [0x00000000d6500000, 0x00000000de500000, 0x0000000100000000)
  eden space 70144K, 0% used [0x00000000d6500000,0x00000000d6500000,0x00000000da980000)
  from space 12288K, 75% used [0x00000000da980000,0x00000000db296720,0x00000000db580000)
  to   space 12800K, 0% used [0x00000000dd880000,0x00000000dd880000,0x00000000de500000)
 ParOldGen       total 64000K, used 10923K [0x0000000082e00000, 0x0000000086c80000, 0x00000000d6500000)
  object space 64000K, 17% used [0x0000000082e00000,0x00000000838aafa0,0x0000000086c80000)
 Metaspace       used 33274K, capacity 35486K, committed 35496K, reserved 1079296K
  class space    used 4566K, capacity 4985K, committed 4992K, reserved 1048576K
Event: 4.828 GC heap after
Heap after GC invocations=9 (full 2):
 PSYoungGen      total 82432K, used 0K [0x00000000d6500000, 0x00000000de500000, 0x0000000100000000)
  eden space 70144K, 0% used [0x00000000d6500000,0x00000000d6500000,0x00000000da980000)
  from space 12288K, 0% used [0x00000000da980000,0x00000000da980000,0x00000000db580000)
  to   space 12800K, 0% used [0x00000000dd880000,0x00000000dd880000,0x00000000de500000)
 ParOldGen       total 98304K, used 15172K [0x0000000082e00000, 0x0000000088e00000, 0x00000000d6500000)
  object space 98304K, 15% used [0x0000000082e00000,0x0000000083cd1350,0x0000000088e00000)
 Metaspace       used 33266K, capacity 35474K, committed 35496K, reserved 1079296K
  class space    used 4565K, capacity 4983K, committed 4992K, reserved 1048576K
}
Event: 8.522 GC heap before
{Heap before GC invocations=10 (full 2):
 PSYoungGen      total 82432K, used 70144K [0x00000000d6500000, 0x00000000de500000, 0x0000000100000000)
  eden space 70144K, 100% used [0x00000000d6500000,0x00000000da980000,0x00000000da980000)
  from space 12288K, 0% used [0x00000000da980000,0x00000000da980000,0x00000000db580000)
  to   space 12800K, 0% used [0x00000000dd880000,0x00000000dd880000,0x00000000de500000)
 ParOldGen       total 98304K, used 15172K [0x0000000082e00000, 0x0000000088e00000, 0x00000000d6500000)
  object space 98304K, 15% used [0x0000000082e00000,0x0000000083cd1350,0x0000000088e00000)
 Metaspace       used 39030K, capacity 41914K, committed 41984K, reserved 1085440K
  class space    used 5330K, capacity 5845K, committed 5888K, reserved 1048576K
Event: 8.538 GC heap after
Heap after GC invocations=10 (full 2):
 PSYoungGen      total 108544K, used 12575K [0x00000000d6500000, 0x00000000de500000, 0x0000000100000000)
  eden space 95744K, 0% used [0x00000000d6500000,0x00000000d6500000,0x00000000dc280000)
  from space 12800K, 98% used [0x00000000dd880000,0x00000000de4c7e60,0x00000000de500000)
  to   space 14336K, 0% used [0x00000000dc900000,0x00000000dc900000,0x00000000dd700000)
 ParOldGen       total 98304K, used 15180K [0x0000000082e00000, 0x0000000088e00000, 0x00000000d6500000)
  object space 98304K, 15% used [0x0000000082e00000,0x0000000083cd3350,0x0000000088e00000)
 Metaspace       used 39030K, capacity 41914K, committed 41984K, reserved 1085440K
  class space    used 5330K, capacity 5845K, committed 5888K, reserved 1048576K
}
Event: 9.793 GC heap before
{Heap before GC invocations=11 (full 2):
 PSYoungGen      total 108544K, used 108319K [0x00000000d6500000, 0x00000000de500000, 0x0000000100000000)
  eden space 95744K, 100% used [0x00000000d6500000,0x00000000dc280000,0x00000000dc280000)
  from space 12800K, 98% used [0x00000000dd880000,0x00000000de4c7e60,0x00000000de500000)
  to   space 14336K, 0% used [0x00000000dc900000,0x00000000dc900000,0x00000000dd700000)
 ParOldGen       total 98304K, used 15180K [0x0000000082e00000, 0x0000000088e00000, 0x00000000d6500000)
  object space 98304K, 15% used [0x0000000082e00000,0x0000000083cd3350,0x0000000088e00000)
 Metaspace       used 45315K, capacity 49014K, committed 49152K, reserved 1093632K
  class space    used 6164K, capacity 6828K, committed 6912K, reserved 1048576K

